<?xml version="1.0" encoding="UTF-8"?>
<!-- Generated by org.testng.reporters.JUnitReportReporter -->
<testsuite hostname="Amarpreet" failures="0" tests="1" name="test_layer.TestExistingAccount" time="12.450" errors="0" timestamp="2023-04-05T21:29:04 PDT" skipped="0">
  <testcase classname="test_layer.TestExistingAccount" name="login" time="12.450"/>
  <system-out/>
</testsuite> <!-- test_layer.TestExistingAccount -->
