<?xml version="1.0" encoding="UTF-8"?>
<!-- Generated by org.testng.reporters.JUnitReportReporter -->
<testsuite hostname="Amarpreet" failures="0" tests="7" name="test_layer.TestYourOrders" time="93.125" errors="0" timestamp="2023-04-05T23:09:32 PDT" skipped="2">
  <testcase classname="test_layer.TestYourOrders" name="Title" time="17.413"/>
  <system-out/>
  <testcase classname="test_layer.TestYourOrders" name="testBuyAgainLink" time="19.228"/>
  <system-out/>
  <testcase classname="test_layer.TestYourOrders" name="testCancelledorderLink" time="18.341"/>
  <system-out/>
  <testcase classname="test_layer.TestYourOrders" name="testNotyetShipped" time="19.804"/>
  <system-out/>
  <testcase classname="test_layer.TestYourOrders" name="testOrdersLink1" time="18.339"/>
  <system-out/>
  <testcase classname="test_layer.TestYourOrders" name="testOrdersLink2">
    <skipped/>
  </testcase> <!-- testOrdersLink2 -->
  <system-out/>
  <testcase classname="test_layer.TestYourOrders" name="testOrdersLink3">
    <skipped/>
  </testcase> <!-- testOrdersLink3 -->
  <system-out/>
</testsuite> <!-- test_layer.TestYourOrders -->
